<?xml version="1.0" encoding="UTF-8"?>
<testng-results ignored="0" total="1" passed="1" failed="0" skipped="0">
  <reporter-output>
  </reporter-output>
  <suite started-at="2024-10-06T16:12:05 PKT" name="Default suite" finished-at="2024-10-06T16:12:41 PKT" duration-ms="35546">
    <groups>
    </groups>
    <test started-at="2024-10-06T16:12:05 PKT" name="Default test" finished-at="2024-10-06T16:12:41 PKT" duration-ms="35546">
      <class name="rahulshettyacademy.extentreport.extentreportdemo">
        <test-method is-config="true" signature="config()[pri:0, instance:rahulshettyacademy.extentreport.extentreportdemo@78e4deb0]" started-at="2024-10-06T16:12:05 PKT" name="config" finished-at="2024-10-06T16:12:05 PKT" duration-ms="306" status="PASS">
          <reporter-output>
          </reporter-output>
        </test-method> <!-- config -->
        <test-method signature="initialdemo()[pri:0, instance:rahulshettyacademy.extentreport.extentreportdemo@78e4deb0]" started-at="2024-10-06T16:12:05 PKT" name="initialdemo" finished-at="2024-10-06T16:12:41 PKT" duration-ms="35186" status="PASS">
          <reporter-output>
          </reporter-output>
        </test-method> <!-- initialdemo -->
      </class> <!-- rahulshettyacademy.extentreport.extentreportdemo -->
    </test> <!-- Default test -->
  </suite> <!-- Default suite -->
</testng-results>
