<?xml version="1.0" encoding="UTF-8"?>
<testng-results total="1" passed="1" failed="0" skipped="0">
  <reporter-output>
  </reporter-output>
  <suite started-at="2024-07-14T20:04:09Z" name="Default suite" finished-at="2024-07-14T20:04:09Z" duration-ms="26">
    <groups>
    </groups>
    <test started-at="2024-07-14T20:04:09Z" name="Default test" finished-at="2024-07-14T20:04:09Z" duration-ms="26">
      <class name="mmm.test1">
        <test-method signature="streammap()[pri:0, instance:mmm.test1@51133c06]" started-at="2024-07-15T01:04:09Z" name="streammap" finished-at="2024-07-15T01:04:09Z" duration-ms="12" status="PASS">
          <reporter-output>
          </reporter-output>
        </test-method> <!-- streammap -->
      </class> <!-- mmm.test1 -->
    </test> <!-- Default test -->
  </suite> <!-- Default suite -->
</testng-results>
